#
# There is insufficient memory for the Java Runtime Environment to continue.
# Native memory allocation (malloc) failed to allocate 1426336 bytes for Chunk::new
# Possible reasons:
#   The system is out of physical RAM or swap space
#   In 32 bit mode, the process size limit was hit
# Possible solutions:
#   Reduce memory load on the system
#   Increase physical memory or swap space
#   Check if swap backing store is full
#   Use 64 bit Java on a 64 bit OS
#   Decrease Java heap size (-Xmx/-Xms)
#   Decrease number of Java threads
#   Decrease Java thread stack sizes (-Xss)
#   Set larger code cache with -XX:ReservedCodeCacheSize=
# This output file may be truncated or incomplete.
#
#  Out of Memory Error (allocation.cpp:390), pid=22796, tid=0x00000000000038f0
#
# JRE version: Java(TM) SE Runtime Environment (8.0_171-b11) (build 1.8.0_171-b11)
# Java VM: Java HotSpot(TM) 64-Bit Server VM (25.171-b11 mixed mode windows-amd64 compressed oops)
# Failed to write core dump. Minidumps are not enabled by default on client versions of Windows
#

---------------  T H R E A D  ---------------

Current thread (0x000000001ab35800):  JavaThread "C2 CompilerThread0" daemon [_thread_in_native, id=14576, stack(0x000000001b060000,0x000000001b160000)]

Stack: [0x000000001b060000,0x000000001b160000]
[error occurred during error reporting (printing stack bounds), id 0xc0000005]

Native frames: (J=compiled Java code, j=interpreted, Vv=VM code, C=native code)


Current CompileTask:
C2:  15129 7340       4       org.springframework.boot.context.properties.source.ConfigurationPropertyName$ElementsParser::parse (234 bytes)


---------------  P R O C E S S  ---------------

Java Threads: ( => current thread )
  0x00000000274dd800 JavaThread "Druid-ConnectionPool-Destroy-1706407405" daemon [_thread_blocked, id=18152, stack(0x00000000294a0000,0x00000000295a0000)]
  0x00000000274dd000 JavaThread "Druid-ConnectionPool-Create-1706407405" daemon [_thread_blocked, id=23080, stack(0x00000000293a0000,0x00000000294a0000)]
  0x00000000274df000 JavaThread "mysql-cj-abandoned-connection-cleanup" daemon [_thread_blocked, id=23784, stack(0x0000000021fd0000,0x00000000220d0000)]
  0x00000000274d8800 JavaThread "commons-pool-evictor-thread" daemon [_thread_blocked, id=25084, stack(0x0000000025cf0000,0x0000000025df0000)]
  0x00000000274dc000 JavaThread "container-0" [_thread_blocked, id=24956, stack(0x0000000020aa0000,0x0000000020ba0000)]
  0x00000000274db800 JavaThread "Catalina-utility-2" [_thread_blocked, id=12724, stack(0x000000001ddb0000,0x000000001deb0000)]
  0x00000000274da800 JavaThread "Catalina-utility-1" [_thread_blocked, id=25740, stack(0x000000001c6e0000,0x000000001c7e0000)]
  0x000000001abb7000 JavaThread "Service Thread" daemon [_thread_blocked, id=19004, stack(0x000000001b460000,0x000000001b560000)]
  0x000000001ab3d000 JavaThread "C1 CompilerThread3" daemon [_thread_blocked, id=25432, stack(0x000000001b360000,0x000000001b460000)]
  0x000000001ab3a000 JavaThread "C2 CompilerThread2" daemon [_thread_in_native, id=26712, stack(0x000000001b260000,0x000000001b360000)]
  0x000000001ab36000 JavaThread "C2 CompilerThread1" daemon [_thread_in_native, id=18952, stack(0x000000001b160000,0x000000001b260000)]
=>0x000000001ab35800 JavaThread "C2 CompilerThread0" daemon [_thread_in_native, id=14576, stack(0x000000001b060000,0x000000001b160000)]
  0x0000000019eb2000 JavaThread "JDWP Command Reader" daemon [_thread_in_native, id=16868, stack(0x000000001a760000,0x000000001a860000)]
  0x0000000019eaf000 JavaThread "JDWP Event Helper Thread" daemon [_thread_blocked, id=16572, stack(0x000000001a660000,0x000000001a760000)]
  0x0000000019ea4800 JavaThread "JDWP Transport Listener: dt_socket" daemon [_thread_blocked, id=20208, stack(0x000000001a560000,0x000000001a660000)]
  0x0000000019e40800 JavaThread "Attach Listener" daemon [_thread_blocked, id=27040, stack(0x000000001a460000,0x000000001a560000)]
  0x0000000019e9b800 JavaThread "Signal Dispatcher" daemon [_thread_blocked, id=3660, stack(0x000000001a360000,0x000000001a460000)]
  0x0000000019e20800 JavaThread "Finalizer" daemon [_thread_blocked, id=10220, stack(0x000000001a200000,0x000000001a300000)]
  0x0000000017f2e000 JavaThread "Reference Handler" daemon [_thread_blocked, id=13316, stack(0x0000000019d00000,0x0000000019e00000)]
  0x0000000002d52000 JavaThread "main" [_thread_in_native, id=25316, stack(0x0000000002bf0000,0x0000000002cf0000)]

Other Threads:
  0x0000000017f26800 VMThread [stack: 0x0000000019c00000,0x0000000019d00000] [id=25672]
  0x000000001ab4f800 WatcherThread [stack: 0x000000001b560000,0x000000001b660000] [id=22660]

VM state:not at safepoint (normal execution)

VM Mutex/Monitor currently owned by a thread: None

Heap:
 PSYoungGen      total 304128K, used 126060K [0x00000000d5f80000, 0x00000000e9b80000, 0x0000000100000000)
  eden space 287232K, 39% used [0x00000000d5f80000,0x00000000dcdbdf60,0x00000000e7800000)
  from space 16896K, 77% used [0x00000000e8980000,0x00000000e965d338,0x00000000e9a00000)
  to   space 17920K, 0% used [0x00000000e7800000,0x00000000e7800000,0x00000000e8980000)
 ParOldGen       total 133632K, used 28687K [0x0000000081e00000, 0x000000008a080000, 0x00000000d5f80000)
  object space 133632K, 21% used [0x0000000081e00000,0x0000000083a03f68,0x000000008a080000)
 Metaspace       used 63313K, capacity 65842K, committed 65920K, reserved 1107968K
  class space    used 7625K, capacity 8057K, committed 8064K, reserved 1048576K

Card table byte_map: [0x0000000012350000,0x0000000012750000] byte_map_base: 0x0000000011f41000

Marking Bits: (ParMarkBitMap*) 0x00000000745608c0
 Begin Bits: [0x0000000013200000, 0x0000000015188000)
 End Bits:   [0x0000000015188000, 0x0000000017110000)

Polling page: 0x0000000000a00000

CodeCache: size=245760Kb used=25026Kb max_used=25086Kb free=220733Kb
 bounds [0x0000000002f90000, 0x0000000004850000, 0x0000000011f90000]
 total_blobs=7099 nmethods=6563 adapters=455
 compilation: enabled

Compilation events (10 events):
Event: 14.945 Thread 0x000000001ab3d000 7444   !   2       org.springframework.beans.AbstractNestablePropertyAccessor::convertIfNecessary (136 bytes)
Event: 14.947 Thread 0x000000001ab3d000 nmethod 7444 0x0000000003f022d0 code [0x0000000003f02560, 0x0000000003f03138]
Event: 14.948 Thread 0x000000001ab3d000 7445   !   2       org.springframework.beans.AbstractNestablePropertyAccessor::isWritableProperty (26 bytes)
Event: 14.949 Thread 0x000000001ab3d000 nmethod 7445 0x0000000003f015d0 code [0x0000000003f017c0, 0x0000000003f01c18]
Event: 14.949 Thread 0x000000001ab3d000 7448       2       org.springframework.context.support.PostProcessorRegistrationDelegate$BeanPostProcessorChecker::isInfrastructureBean (46 bytes)
Event: 14.949 Thread 0x000000001ab3d000 nmethod 7448 0x0000000003f01090 code [0x0000000003f01220, 0x0000000003f01488]
Event: 14.949 Thread 0x000000001ab3d000 7446       2       org.springframework.beans.AbstractNestablePropertyAccessor::getPropertyHandler (23 bytes)
Event: 14.949 Thread 0x000000001ab3d000 nmethod 7446 0x0000000003f00990 code [0x0000000003f00b40, 0x0000000003f00e28]
Event: 14.949 Thread 0x000000001ab3d000 7447       2       org.springframework.beans.BeanWrapperImpl::convertForProperty (118 bytes)
Event: 14.951 Thread 0x000000001ab3d000 nmethod 7447 0x0000000003efee10 code [0x0000000003eff0a0, 0x0000000003effc48]

GC Heap History (10 events):
Event: 10.063 GC heap before
{Heap before GC invocations=13 (full 2):
 PSYoungGen      total 196608K, used 187392K [0x00000000d5f80000, 0x00000000e2d80000, 0x0000000100000000)
  eden space 187392K, 100% used [0x00000000d5f80000,0x00000000e1680000,0x00000000e1680000)
  from space 9216K, 0% used [0x00000000e2280000,0x00000000e2280000,0x00000000e2b80000)
  to   space 11776K, 0% used [0x00000000e1680000,0x00000000e1680000,0x00000000e2200000)
 ParOldGen       total 94208K, used 17707K [0x0000000081e00000, 0x0000000087a00000, 0x00000000d5f80000)
  object space 94208K, 18% used [0x0000000081e00000,0x0000000082f4afb8,0x0000000087a00000)
 Metaspace       used 47603K, capacity 49736K, committed 49792K, reserved 1093632K
  class space    used 6118K, capacity 6516K, committed 6528K, reserved 1048576K
Event: 10.076 GC heap after
Heap after GC invocations=13 (full 2):
 PSYoungGen      total 199168K, used 11757K [0x00000000d5f80000, 0x00000000e6700000, 0x0000000100000000)
  eden space 187392K, 0% used [0x00000000d5f80000,0x00000000d5f80000,0x00000000e1680000)
  from space 11776K, 99% used [0x00000000e1680000,0x00000000e21fb450,0x00000000e2200000)
  to   space 14848K, 0% used [0x00000000e5880000,0x00000000e5880000,0x00000000e6700000)
 ParOldGen       total 94208K, used 22711K [0x0000000081e00000, 0x0000000087a00000, 0x00000000d5f80000)
  object space 94208K, 24% used [0x0000000081e00000,0x000000008342df78,0x0000000087a00000)
 Metaspace       used 47603K, capacity 49736K, committed 49792K, reserved 1093632K
  class space    used 6118K, capacity 6516K, committed 6528K, reserved 1048576K
}
Event: 11.787 GC heap before
{Heap before GC invocations=14 (full 2):
 PSYoungGen      total 199168K, used 197893K [0x00000000d5f80000, 0x00000000e6700000, 0x0000000100000000)
  eden space 187392K, 99% used [0x00000000d5f80000,0x00000000e1546230,0x00000000e1680000)
  from space 11776K, 99% used [0x00000000e1680000,0x00000000e21fb450,0x00000000e2200000)
  to   space 14848K, 0% used [0x00000000e5880000,0x00000000e5880000,0x00000000e6700000)
 ParOldGen       total 94208K, used 22711K [0x0000000081e00000, 0x0000000087a00000, 0x00000000d5f80000)
  object space 94208K, 24% used [0x0000000081e00000,0x000000008342df78,0x0000000087a00000)
 Metaspace       used 56567K, capacity 58772K, committed 59008K, reserved 1101824K
  class space    used 7040K, capacity 7426K, committed 7552K, reserved 1048576K
Event: 11.801 GC heap after
Heap after GC invocations=14 (full 2):
 PSYoungGen      total 252416K, used 14816K [0x00000000d5f80000, 0x00000000e6a00000, 0x0000000100000000)
  eden space 237568K, 0% used [0x00000000d5f80000,0x00000000d5f80000,0x00000000e4780000)
  from space 14848K, 99% used [0x00000000e5880000,0x00000000e66f8260,0x00000000e6700000)
  to   space 17408K, 0% used [0x00000000e4780000,0x00000000e4780000,0x00000000e5880000)
 ParOldGen       total 94208K, used 24614K [0x0000000081e00000, 0x0000000087a00000, 0x00000000d5f80000)
  object space 94208K, 26% used [0x0000000081e00000,0x00000000836099f8,0x0000000087a00000)
 Metaspace       used 56567K, capacity 58772K, committed 59008K, reserved 1101824K
  class space    used 7040K, capacity 7426K, committed 7552K, reserved 1048576K
}
Event: 11.801 GC heap before
{Heap before GC invocations=15 (full 3):
 PSYoungGen      total 252416K, used 14816K [0x00000000d5f80000, 0x00000000e6a00000, 0x0000000100000000)
  eden space 237568K, 0% used [0x00000000d5f80000,0x00000000d5f80000,0x00000000e4780000)
  from space 14848K, 99% used [0x00000000e5880000,0x00000000e66f8260,0x00000000e6700000)
  to   space 17408K, 0% used [0x00000000e4780000,0x00000000e4780000,0x00000000e5880000)
 ParOldGen       total 94208K, used 24614K [0x0000000081e00000, 0x0000000087a00000, 0x00000000d5f80000)
  object space 94208K, 26% used [0x0000000081e00000,0x00000000836099f8,0x0000000087a00000)
 Metaspace       used 56567K, capacity 58772K, committed 59008K, reserved 1101824K
  class space    used 7040K, capacity 7426K, committed 7552K, reserved 1048576K
Event: 11.913 GC heap after
Heap after GC invocations=15 (full 3):
 PSYoungGen      total 252416K, used 0K [0x00000000d5f80000, 0x00000000e6a00000, 0x0000000100000000)
  eden space 237568K, 0% used [0x00000000d5f80000,0x00000000d5f80000,0x00000000e4780000)
  from space 14848K, 0% used [0x00000000e5880000,0x00000000e5880000,0x00000000e6700000)
  to   space 17408K, 0% used [0x00000000e4780000,0x00000000e4780000,0x00000000e5880000)
 ParOldGen       total 133632K, used 28671K [0x0000000081e00000, 0x000000008a080000, 0x00000000d5f80000)
  object space 133632K, 21% used [0x0000000081e00000,0x00000000839fff68,0x000000008a080000)
 Metaspace       used 56567K, capacity 58772K, committed 59008K, reserved 1101824K
  class space    used 7040K, capacity 7426K, committed 7552K, reserved 1048576K
}
Event: 12.783 GC heap before
{Heap before GC invocations=16 (full 3):
 PSYoungGen      total 252416K, used 237568K [0x00000000d5f80000, 0x00000000e6a00000, 0x0000000100000000)
  eden space 237568K, 100% used [0x00000000d5f80000,0x00000000e4780000,0x00000000e4780000)
  from space 14848K, 0% used [0x00000000e5880000,0x00000000e5880000,0x00000000e6700000)
  to   space 17408K, 0% used [0x00000000e4780000,0x00000000e4780000,0x00000000e5880000)
 ParOldGen       total 133632K, used 28671K [0x0000000081e00000, 0x000000008a080000, 0x00000000d5f80000)
  object space 133632K, 21% used [0x0000000081e00000,0x00000000839fff68,0x000000008a080000)
 Metaspace       used 57654K, capacity 59866K, committed 60032K, reserved 1101824K
  class space    used 7101K, capacity 7491K, committed 7552K, reserved 1048576K
Event: 12.788 GC heap after
Heap after GC invocations=16 (full 3):
 PSYoungGen      total 254976K, used 6272K [0x00000000d5f80000, 0x00000000e9a00000, 0x0000000100000000)
  eden space 237568K, 0% used [0x00000000d5f80000,0x00000000d5f80000,0x00000000e4780000)
  from space 17408K, 36% used [0x00000000e4780000,0x00000000e4da0000,0x00000000e5880000)
  to   space 16896K, 0% used [0x00000000e8980000,0x00000000e8980000,0x00000000e9a00000)
 ParOldGen       total 133632K, used 28679K [0x0000000081e00000, 0x000000008a080000, 0x00000000d5f80000)
  object space 133632K, 21% used [0x0000000081e00000,0x0000000083a01f68,0x000000008a080000)
 Metaspace       used 57654K, capacity 59866K, committed 60032K, reserved 1101824K
  class space    used 7101K, capacity 7491K, committed 7552K, reserved 1048576K
}
Event: 13.989 GC heap before
{Heap before GC invocations=17 (full 3):
 PSYoungGen      total 254976K, used 243840K [0x00000000d5f80000, 0x00000000e9a00000, 0x0000000100000000)
  eden space 237568K, 100% used [0x00000000d5f80000,0x00000000e4780000,0x00000000e4780000)
  from space 17408K, 36% used [0x00000000e4780000,0x00000000e4da0000,0x00000000e5880000)
  to   space 16896K, 0% used [0x00000000e8980000,0x00000000e8980000,0x00000000e9a00000)
 ParOldGen       total 133632K, used 28679K [0x0000000081e00000, 0x000000008a080000, 0x00000000d5f80000)
  object space 133632K, 21% used [0x0000000081e00000,0x0000000083a01f68,0x000000008a080000)
 Metaspace       used 60767K, capacity 63114K, committed 63232K, reserved 1103872K
  class space    used 7412K, capacity 7827K, committed 7936K, reserved 1048576K
Event: 14.000 GC heap after
Heap after GC invocations=17 (full 3):
 PSYoungGen      total 304128K, used 13172K [0x00000000d5f80000, 0x00000000e9b80000, 0x0000000100000000)
  eden space 287232K, 0% used [0x00000000d5f80000,0x00000000d5f80000,0x00000000e7800000)
  from space 16896K, 77% used [0x00000000e8980000,0x00000000e965d338,0x00000000e9a00000)
  to   space 17920K, 0% used [0x00000000e7800000,0x00000000e7800000,0x00000000e8980000)
 ParOldGen       total 133632K, used 28687K [0x0000000081e00000, 0x000000008a080000, 0x00000000d5f80000)
  object space 133632K, 21% used [0x0000000081e00000,0x0000000083a03f68,0x000000008a080000)
 Metaspace       used 60767K, capacity 63114K, committed 63232K, reserved 1103872K
  class space    used 7412K, capacity 7827K, committed 7936K, reserved 1048576K
}

Deoptimization events (10 events):
Event: 14.680 Thread 0x0000000002d52000 Uncommon trap: reason=class_check action=maybe_recompile pc=0x000000000384c444 method=org.springframework.core.annotation.AnnotationUtils.findAnnotation(Ljava/lang/Class;Ljava/lang/Class;)Ljava/lang/annotation/Annotation; @ 76
Event: 14.681 Thread 0x0000000002d52000 Uncommon trap: reason=class_check action=maybe_recompile pc=0x000000000384c444 method=org.springframework.core.annotation.AnnotationUtils.findAnnotation(Ljava/lang/Class;Ljava/lang/Class;)Ljava/lang/annotation/Annotation; @ 76
Event: 14.812 Thread 0x0000000002d52000 Uncommon trap: reason=array_check action=maybe_recompile pc=0x000000000480600c method=org.aspectj.weaver.ResolvedMemberImpl.resolve(Lorg/aspectj/weaver/World;)Lorg/aspectj/weaver/ResolvedMember; @ 139
Event: 14.812 Thread 0x0000000002d52000 Uncommon trap: reason=array_check action=maybe_recompile pc=0x000000000480600c method=org.aspectj.weaver.ResolvedMemberImpl.resolve(Lorg/aspectj/weaver/World;)Lorg/aspectj/weaver/ResolvedMember; @ 139
Event: 14.812 Thread 0x0000000002d52000 Uncommon trap: reason=array_check action=maybe_recompile pc=0x000000000480600c method=org.aspectj.weaver.ResolvedMemberImpl.resolve(Lorg/aspectj/weaver/World;)Lorg/aspectj/weaver/ResolvedMember; @ 139
Event: 14.812 Thread 0x0000000002d52000 Uncommon trap: reason=array_check action=maybe_recompile pc=0x000000000480600c method=org.aspectj.weaver.ResolvedMemberImpl.resolve(Lorg/aspectj/weaver/World;)Lorg/aspectj/weaver/ResolvedMember; @ 139
Event: 14.903 Thread 0x0000000002d52000 Uncommon trap: reason=class_check action=maybe_recompile pc=0x0000000003a86a8c method=org.springframework.core.ResolvableType.calculateHashCode()I @ 23
Event: 14.903 Thread 0x0000000002d52000 Uncommon trap: reason=class_check action=maybe_recompile pc=0x0000000003a86a8c method=org.springframework.core.ResolvableType.calculateHashCode()I @ 23
Event: 14.922 Thread 0x0000000002d52000 Uncommon trap: reason=unstable_if action=reinterpret pc=0x000000000402a6ac method=java.lang.Class$MethodArray.removeLessSpecifics()V @ 78
Event: 14.922 Thread 0x0000000002d52000 Uncommon trap: reason=unstable_if action=reinterpret pc=0x00000000031fae9c method=java.lang.Class$MethodArray.removeLessSpecifics()V @ 78

Classes redefined (0 events):
No events

Internal exceptions (10 events):
Event: 14.623 Thread 0x0000000002d52000 Exception <a 'java/lang/ClassNotFoundException': org/springframework/security/config/annotation/authentication/configuration/AuthenticationConfigurationCustomizer> (0x00000000da6f69f8) thrown at [C:\re\workspace\8-2-build-windows-amd64-cygwin\jdk8u171\108
Event: 14.906 Thread 0x0000000002d52000 Exception <a 'java/lang/ClassNotFoundException': java/lang/ObjectCustomizer> (0x00000000dc25ce70) thrown at [C:\re\workspace\8-2-build-windows-amd64-cygwin\jdk8u171\10807\hotspot\src\share\vm\classfile\systemDictionary.cpp, line 210]
Event: 14.906 Thread 0x0000000002d52000 Exception <a 'java/lang/ClassNotFoundException': org/springframework/plugin/core/support/AbstractTypeAwareSupportCustomizer> (0x00000000dc288638) thrown at [C:\re\workspace\8-2-build-windows-amd64-cygwin\jdk8u171\10807\hotspot\src\share\vm\classfile\syste
Event: 14.907 Thread 0x0000000002d52000 Exception <a 'java/lang/ClassNotFoundException': org/springframework/plugin/core/support/PluginRegistryFactoryBeanCustomizer> (0x00000000dc2bb4e0) thrown at [C:\re\workspace\8-2-build-windows-amd64-cygwin\jdk8u171\10807\hotspot\src\share\vm\classfile\syst
Event: 14.909 Thread 0x0000000002d52000 Exception <a 'java/lang/ClassNotFoundException': org/springframework/beans/factory/FactoryBeanCustomizer> (0x00000000dc2faee8) thrown at [C:\re\workspace\8-2-build-windows-amd64-cygwin\jdk8u171\10807\hotspot\src\share\vm\classfile\systemDictionary.cpp, li
Event: 14.910 Thread 0x0000000002d52000 Exception <a 'java/lang/ClassNotFoundException': org/springframework/context/ApplicationContextAwareCustomizer> (0x00000000dc322658) thrown at [C:\re\workspace\8-2-build-windows-amd64-cygwin\jdk8u171\10807\hotspot\src\share\vm\classfile\systemDictionary.c
Event: 14.911 Thread 0x0000000002d52000 Exception <a 'java/lang/ClassNotFoundException': org/springframework/beans/factory/AwareCustomizer> (0x00000000dc341ea0) thrown at [C:\re\workspace\8-2-build-windows-amd64-cygwin\jdk8u171\10807\hotspot\src\share\vm\classfile\systemDictionary.cpp, line 210
Event: 14.912 Thread 0x0000000002d52000 Exception <a 'java/lang/ClassNotFoundException': org/springframework/context/ApplicationListenerCustomizer> (0x00000000dc3633a8) thrown at [C:\re\workspace\8-2-build-windows-amd64-cygwin\jdk8u171\10807\hotspot\src\share\vm\classfile\systemDictionary.cpp, 
Event: 14.912 Thread 0x0000000002d52000 Exception <a 'java/lang/ClassNotFoundException': java/util/EventListenerCustomizer> (0x00000000dc3703b0) thrown at [C:\re\workspace\8-2-build-windows-amd64-cygwin\jdk8u171\10807\hotspot\src\share\vm\classfile\systemDictionary.cpp, line 210]
Event: 14.912 Thread 0x0000000002d52000 Exception <a 'java/lang/ClassNotFoundException': org/springframework/beans/factory/InitializingBeanCustomizer> (0x00000000dc393250) thrown at [C:\re\workspace\8-2-build-windows-amd64-cygwin\jdk8u171\10807\hotspot\src\share\vm\classfile\systemDictionary.cp

Events (10 events):
Event: 14.962 loading class com/google/common/base/Joiner
Event: 14.962 loading class com/google/common/base/Joiner done
Event: 14.963 loading class com/google/common/base/Joiner$2
Event: 14.963 loading class com/google/common/base/Joiner$2 done
Event: 14.963 loading class com/google/common/base/Joiner$1
Event: 14.963 loading class com/google/common/base/Joiner$1 done
Event: 14.963 loading class com/google/common/base/Joiner$MapJoiner
Event: 14.964 loading class com/google/common/base/Joiner$MapJoiner done
Event: 14.967 loading class com/google/common/cache/CacheBuilder
Event: 14.967 loading class com/google/common/cache/CacheBuilder done


Dynamic libraries:
0x00007ff6d1590000 - 0x00007ff6d15c7000 	D:\JDK1.8\bin\java.exe
0x00007ffddeb00000 - 0x00007ffddecf0000 	C:\WINDOWS\SYSTEM32\ntdll.dll
0x00007ffddcbb0000 - 0x00007ffddcc62000 	C:\WINDOWS\System32\KERNEL32.DLL
0x00007ffddbb00000 - 0x00007ffddbda4000 	C:\WINDOWS\System32\KERNELBASE.dll
0x00007ffddd1d0000 - 0x00007ffddd273000 	C:\WINDOWS\System32\ADVAPI32.dll
0x00007ffddcd40000 - 0x00007ffddcdde000 	C:\WINDOWS\System32\msvcrt.dll
0x00007ffdde780000 - 0x00007ffdde817000 	C:\WINDOWS\System32\sechost.dll
0x00007ffdde0e0000 - 0x00007ffdde200000 	C:\WINDOWS\System32\RPCRT4.dll
0x00007ffdde820000 - 0x00007ffdde9b4000 	C:\WINDOWS\System32\USER32.dll
0x00007ffddca10000 - 0x00007ffddca31000 	C:\WINDOWS\System32\win32u.dll
0x00007ffddd280000 - 0x00007ffddd2a6000 	C:\WINDOWS\System32\GDI32.dll
0x00007ffddc060000 - 0x00007ffddc1f6000 	C:\WINDOWS\System32\gdi32full.dll
0x00007ffddcaf0000 - 0x00007ffddcb8e000 	C:\WINDOWS\System32\msvcp_win.dll
0x00007ffddbf00000 - 0x00007ffddbffa000 	C:\WINDOWS\System32\ucrtbase.dll
0x00007ffdcb420000 - 0x00007ffdcb6a4000 	C:\WINDOWS\WinSxS\amd64_microsoft.windows.common-controls_6595b64144ccf1df_6.0.18362.959_none_e6c7bbbf130c62bb\COMCTL32.dll
0x00007ffddce90000 - 0x00007ffddd1c5000 	C:\WINDOWS\System32\combase.dll
0x00007ffddc990000 - 0x00007ffddca10000 	C:\WINDOWS\System32\bcryptPrimitives.dll
0x00007ffdde9c0000 - 0x00007ffdde9ee000 	C:\WINDOWS\System32\IMM32.DLL
0x0000000074940000 - 0x0000000074a12000 	D:\JDK1.8\jre\bin\msvcr100.dll
0x0000000073d40000 - 0x00000000745e0000 	D:\JDK1.8\jre\bin\server\jvm.dll
0x00007ffdddf70000 - 0x00007ffdddf78000 	C:\WINDOWS\System32\PSAPI.DLL
0x00007ffdda9f0000 - 0x00007ffdda9f9000 	C:\WINDOWS\SYSTEM32\WSOCK32.dll
0x00007ffddb5b0000 - 0x00007ffddb5ba000 	C:\WINDOWS\SYSTEM32\VERSION.dll
0x00007ffdd80e0000 - 0x00007ffdd8104000 	C:\WINDOWS\SYSTEM32\WINMM.dll
0x00007ffdd80b0000 - 0x00007ffdd80dd000 	C:\WINDOWS\SYSTEM32\WINMMBASE.dll
0x00007ffddba80000 - 0x00007ffddbaca000 	C:\WINDOWS\System32\cfgmgr32.dll
0x00007ffdddea0000 - 0x00007ffdddf0f000 	C:\WINDOWS\System32\WS2_32.dll
0x0000000074930000 - 0x000000007493f000 	D:\JDK1.8\jre\bin\verify.dll
0x0000000074900000 - 0x0000000074929000 	D:\JDK1.8\jre\bin\java.dll
0x0000000073d00000 - 0x0000000073d35000 	D:\JDK1.8\jre\bin\jdwp.dll
0x0000000074600000 - 0x0000000074608000 	D:\JDK1.8\jre\bin\npt.dll
0x0000000073cd0000 - 0x0000000073cf3000 	D:\JDK1.8\jre\bin\instrument.dll
0x00000000748e0000 - 0x00000000748f6000 	D:\JDK1.8\jre\bin\zip.dll
0x00007ffddd730000 - 0x00007ffddde16000 	C:\WINDOWS\System32\SHELL32.dll
0x00007ffddcde0000 - 0x00007ffddce89000 	C:\WINDOWS\System32\shcore.dll
0x00007ffddc200000 - 0x00007ffddc982000 	C:\WINDOWS\System32\windows.storage.dll
0x00007ffddba50000 - 0x00007ffddba73000 	C:\WINDOWS\System32\profapi.dll
0x00007ffddb9e0000 - 0x00007ffddba2a000 	C:\WINDOWS\System32\powrprof.dll
0x00007ffddb9b0000 - 0x00007ffddb9c0000 	C:\WINDOWS\System32\UMPDC.dll
0x00007ffdde200000 - 0x00007ffdde252000 	C:\WINDOWS\System32\shlwapi.dll
0x00007ffddba30000 - 0x00007ffddba41000 	C:\WINDOWS\System32\kernel.appcore.dll
0x00007ffddcb90000 - 0x00007ffddcba7000 	C:\WINDOWS\System32\cryptsp.dll
0x0000000073cc0000 - 0x0000000073cc9000 	D:\JDK1.8\jre\bin\dt_socket.dll
0x00007ffddb1b0000 - 0x00007ffddb217000 	C:\WINDOWS\system32\mswsock.dll
0x0000000074610000 - 0x000000007461d000 	D:\JDK1.8\jre\bin\management.dll
0x00000000748c0000 - 0x00000000748da000 	D:\JDK1.8\jre\bin\net.dll
0x00007ffdc2e50000 - 0x00007ffdc2e66000 	C:\WINDOWS\system32\napinsp.dll
0x00007ffdc2e30000 - 0x00007ffdc2e4a000 	C:\WINDOWS\system32\pnrpnsp.dll
0x00007ffddaf00000 - 0x00007ffddafcb000 	C:\WINDOWS\SYSTEM32\DNSAPI.dll
0x00007ffdde280000 - 0x00007ffdde288000 	C:\WINDOWS\System32\NSI.dll
0x00007ffddaec0000 - 0x00007ffddaefa000 	C:\WINDOWS\SYSTEM32\IPHLPAPI.DLL
0x00007ffdc2dd0000 - 0x00007ffdc2dde000 	C:\WINDOWS\System32\winrnr.dll
0x00007ffdd7d90000 - 0x00007ffdd7dac000 	C:\WINDOWS\system32\NLAapi.dll
0x00007ffdd76e0000 - 0x00007ffdd76f5000 	C:\WINDOWS\system32\wshbth.dll
0x00007ffdcb6d0000 - 0x00007ffdcb6da000 	C:\Windows\System32\rasadhlp.dll
0x00007ffdce6c0000 - 0x00007ffdce737000 	C:\WINDOWS\System32\fwpuclnt.dll
0x00007ffddbad0000 - 0x00007ffddbaf6000 	C:\WINDOWS\System32\bcrypt.dll
0x00000000748a0000 - 0x00000000748b1000 	D:\JDK1.8\jre\bin\nio.dll
0x00007ffddad20000 - 0x00007ffddad53000 	C:\WINDOWS\system32\rsaenh.dll
0x00007ffddb8d0000 - 0x00007ffddb8f5000 	C:\WINDOWS\SYSTEM32\USERENV.dll
0x00007ffddb380000 - 0x00007ffddb38c000 	C:\WINDOWS\SYSTEM32\CRYPTBASE.dll
0x00007ffdd2440000 - 0x00007ffdd2456000 	C:\WINDOWS\SYSTEM32\dhcpcsvc6.DLL
0x00007ffdd25d0000 - 0x00007ffdd25ec000 	C:\WINDOWS\SYSTEM32\dhcpcsvc.DLL

VM Arguments:
jvm_args: -Dfile.encoding=utf-8 -agentlib:jdwp=transport=dt_socket,address=127.0.0.1:49348,suspend=y,server=n -javaagent:C:\Users\wly\AppData\Local\JetBrains\IdeaIC2020.1\captureAgent\debugger-agent.jar -Dfile.encoding=UTF-8 
java_command: com.rz.iot.bpo.BpoPreviewApplication
java_class_path (initial): D:\JDK1.8\jre\lib\charsets.jar;D:\JDK1.8\jre\lib\deploy.jar;D:\JDK1.8\jre\lib\ext\access-bridge-64.jar;D:\JDK1.8\jre\lib\ext\cldrdata.jar;D:\JDK1.8\jre\lib\ext\dnsns.jar;D:\JDK1.8\jre\lib\ext\jaccess.jar;D:\JDK1.8\jre\lib\ext\jfxrt.jar;D:\JDK1.8\jre\lib\ext\localedata.jar;D:\JDK1.8\jre\lib\ext\nashorn.jar;D:\JDK1.8\jre\lib\ext\sunec.jar;D:\JDK1.8\jre\lib\ext\sunjce_provider.jar;D:\JDK1.8\jre\lib\ext\sunmscapi.jar;D:\JDK1.8\jre\lib\ext\sunpkcs11.jar;D:\JDK1.8\jre\lib\ext\zipfs.jar;D:\JDK1.8\jre\lib\javaws.jar;D:\JDK1.8\jre\lib\jce.jar;D:\JDK1.8\jre\lib\jfr.jar;D:\JDK1.8\jre\lib\jfxswt.jar;D:\JDK1.8\jre\lib\jsse.jar;D:\JDK1.8\jre\lib\management-agent.jar;D:\JDK1.8\jre\lib\plugin.jar;D:\JDK1.8\jre\lib\resources.jar;D:\JDK1.8\jre\lib\rt.jar;D:\00\work\bpo\target\classes;D:\server\maven\repository\org\springframework\boot\spring-boot-starter-data-redis\2.3.0.RELEASE\spring-boot-starter-data-redis-2.3.0.RELEASE.jar;D:\server\maven\repository\org\springframework\boot\spring-boot-starter\2.3.0.RELEASE\spring-boot-starter-2.3.0.RELEASE.jar;D:\server\maven\repository\org\springframework\boot\spring-boot\2.3.0.RELEASE\spring-boot-2.3.0.RELEASE.jar;D:\server\maven\repository\org\springframework\boot\spring-boot-starter-logging\2.3.0.RELEASE\spring-boot-starter-logging-2.3.0.RELEASE.jar;D:\server\maven\repository\ch\qos\logback\logback-classic\1.2.3\logback-classic-1.2.3.jar;D:\server\maven\repository\ch\qos\logback\logback-core\1.2.3\logback-core-1.2.3.jar;D:\server\maven\repository\org\apache\logging\log4j\log4j-to-slf4j\2.13.2\log4j-to-slf4j-2.13.2.jar;D:\server\maven\repository\org\apache\logging\log4j\log4j-api\2.13.2\log4j-api-2.13.2.jar;D:\server\maven\repository\org\slf4j\jul-to-slf4j\1.7.30\jul-to-slf4j-1.7.30.jar;D:\server\maven\repository\jakarta\annotation\jakarta.annotation-api\1.3.5\jakarta.annotation-api-1.3.5.jar;D:\server\maven\repository\org\yaml\snakeyaml\1.26\snakeyaml-1.26.jar;D:\server\maven\repository\org\springframework\data\s
Launcher Type: SUN_STANDARD

Environment Variables:
JAVA_HOME=D:\JDK1.8
JAVA_TOOL_OPTIONS=-Dfile.encoding=utf-8
PATH=D:\Program Files (x86)\NetSarang\Xshell 6\;C:\Program Files (x86)\Intel\Intel(R) Management Engine Components\iCLS\;C:\Program Files\Intel\Intel(R) Management Engine Components\iCLS\;C:\Windows\system32;C:\Windows;C:\Windows\System32\Wbem;C:\Windows\System32\WindowsPowerShell\v1.0\;C:\Windows\System32\OpenSSH\;C:\Program Files (x86)\Intel\Intel(R) Management Engine Components\DAL;C:\Program Files\Intel\Intel(R) Management Engine Components\DAL;C:\Program Files (x86)\NVIDIA Corporation\PhysX\Common;C:\Program Files\Intel\WiFi\bin\;C:\Program Files\Common Files\Intel\WirelessCommon\;C:\Program Files\Acer ProShield\;C:\Program Files\Acer ProShield\x86;d:\Program Files\Git\cmd;D:\Program Files\nodejs\;C:\ProgramData\chocolatey\bin;D:\Program Files\TortoiseSVN\bin;D:\JDK1.8\bin;;C:\WINDOWS\system32;C:\WINDOWS;C:\WINDOWS\System32\Wbem;C:\WINDOWS\System32\WindowsPowerShell\v1.0\;C:\WINDOWS\System32\OpenSSH\;C:\Program Files\TortoiseGit\bin;C:\Program Files\MySQL\MySQL Shell 8.0\bin\;C:\Users\wly\AppData\Local\Microsoft\WindowsApps;C:\Users\wly\AppData\Roaming\npm;C:\Windows\System32;;d:\Users\wly\AppData\Local\Programs\Fiddler;C:\Users\wly\AppData\Local\Microsoft\WindowsApps;C:\Program Files\JetBrains\IntelliJ IDEA Community Edition 2020.1.3\bin;
USERNAME=wly
OS=Windows_NT
PROCESSOR_IDENTIFIER=Intel64 Family 6 Model 142 Stepping 10, GenuineIntel



---------------  S Y S T E M  ---------------

OS: Windows 10.0 , 64 bit Build 18362 (10.0.18362.959)

CPU:total 8 (initial active 8) (4 cores per cpu, 2 threads per core) family 6 model 142 stepping 10, cmov, cx8, fxsr, mmx, sse, sse2, sse3, ssse3, sse4.1, sse4.2, popcnt, avx, avx2, aes, clmul, erms, 3dnowpref, lzcnt, ht, tsc, tscinvbit, bmi1, bmi2, adx

Memory: 4k page, physical 8262888k(745016k free), swap 23746148k(10776k free)

vm_info: Java HotSpot(TM) 64-Bit Server VM (25.171-b11) for windows-amd64 JRE (1.8.0_171-b11), built on Mar 28 2018 16:06:12 by "java_re" with MS VC++ 10.0 (VS2010)

time: Sat Jul 25 17:22:35 2020
elapsed time: 15 seconds (0d 0h 0m 15s)

